GNU gdb (Ubuntu 7.11.1-0ubuntu1~16.5) 7.11.1
Copyright (C) 2016 Free Software Foundation, Inc.
License GPLv3+: GNU GPL version 3 or later <http://gnu.org/licenses/gpl.html>
This is free software: you are free to change and redistribute it.
There is NO WARRANTY, to the extent permitted by law.  Type "show copying"
and "show warranty" for details.
This GDB was configured as "x86_64-linux-gnu".
Type "show configuration" for configuration details.
For bug reporting instructions, please see:
<http://www.gnu.org/software/gdb/bugs/>.
Find the GDB manual and other documentation resources online at:
<http://www.gnu.org/software/gdb/documentation/>.
For help, type "help".
Type "apropos word" to search for commands related to "word"...
Reading symbols from tools/system...done.
0x0000fff0 in sys_pipe (fildes=0x0 <startup_32>) at pipe.c:93
93			current->filp[fd[0]]=NULL;
Breakpoint 1 at 0x67a7: file init/main.c, line 112.

Breakpoint 1, main () at init/main.c:112
112	{			/* The startup routine assumes (well, ...) this */
1: current->pid = 0
(gdb) b do_timer 
Breakpoint 2 at 0x73b0: file sched.c, line 307.
(gdb) display jiffies 
2: jiffies = 0
(gdb) c
Continuing.

Breakpoint 2, do_timer (cpl=3) at sched.c:307
307	{
1: current->pid = 0
2: jiffies = 1
(gdb) c
Continuing.

Breakpoint 2, do_timer (cpl=3) at sched.c:307
307	{
1: current->pid = 0
2: jiffies = 2
(gdb) c
Continuing.

Breakpoint 2, do_timer (cpl=3) at sched.c:307
307	{
1: current->pid = 1
2: jiffies = 3
(gdb) c
Continuing.

Breakpoint 2, do_timer (cpl=3) at sched.c:307
307	{
1: current->pid = 0
2: jiffies = 4
(gdb) c
Continuing.

Breakpoint 2, do_timer (cpl=3) at sched.c:307
307	{
1: current->pid = 0
2: jiffies = 5
(gdb) c
Continuing.

Breakpoint 2, do_timer (cpl=3) at sched.c:307
307	{
1: current->pid = 0
2: jiffies = 6
(gdb) c
Continuing.

Breakpoint 2, do_timer (cpl=3) at sched.c:307
307	{
1: current->pid = 0
2: jiffies = 7
(gdb) c
Continuing.

Breakpoint 2, do_timer (cpl=3) at sched.c:307
307	{
1: current->pid = 0
2: jiffies = 8
(gdb) c
Continuing.

Breakpoint 2, do_timer (cpl=3) at sched.c:307
307	{
1: current->pid = 0
2: jiffies = 9
(gdb) c
Continuing.

Breakpoint 2, do_timer (cpl=3) at sched.c:307
307	{
1: current->pid = 0
2: jiffies = 10
(gdb) c
Continuing.

Breakpoint 2, do_timer (cpl=3) at sched.c:307
307	{
1: current->pid = 0
2: jiffies = 11
(gdb) c
Continuing.

Breakpoint 2, do_timer (cpl=3) at sched.c:307
307	{
1: current->pid = 0
2: jiffies = 12
(gdb) c
Continuing.

Breakpoint 2, do_timer (cpl=3) at sched.c:307
307	{
1: current->pid = 0
2: jiffies = 13
(gdb) c
Continuing.

Breakpoint 2, do_timer (cpl=3) at sched.c:307
307	{
1: current->pid = 0
2: jiffies = 14
(gdb) c
Continuing.

Breakpoint 2, do_timer (cpl=3) at sched.c:307
307	{
1: current->pid = 0
2: jiffies = 15
(gdb) c
Continuing.

Breakpoint 2, do_timer (cpl=3) at sched.c:307
307	{
1: current->pid = 0
2: jiffies = 16
(gdb) c
Continuing.

Breakpoint 2, do_timer (cpl=3) at sched.c:307
307	{
1: current->pid = 0
2: jiffies = 17
(gdb) c
Continuing.

Breakpoint 2, do_timer (cpl=3) at sched.c:307
307	{
1: current->pid = 0
2: jiffies = 18
(gdb) c
Continuing.

Breakpoint 2, do_timer (cpl=3) at sched.c:307
307	{
1: current->pid = 0
2: jiffies = 19
(gdb) c
Continuing.

Breakpoint 2, do_timer (cpl=3) at sched.c:307
307	{
1: current->pid = 0
2: jiffies = 20
(gdb) c
Continuing.

Breakpoint 2, do_timer (cpl=3) at sched.c:307
307	{
1: current->pid = 0
2: jiffies = 21
(gdb) c
Continuing.

Breakpoint 2, do_timer (cpl=3) at sched.c:307
307	{
1: current->pid = 0
2: jiffies = 22
(gdb) c
Continuing.

Breakpoint 2, do_timer (cpl=3) at sched.c:307
307	{
1: current->pid = 0
2: jiffies = 23
(gdb) c
Continuing.

Breakpoint 2, do_timer (cpl=3) at sched.c:307
307	{
1: current->pid = 0
2: jiffies = 24
(gdb) c
Continuing.

Breakpoint 2, do_timer (cpl=3) at sched.c:307
307	{
1: current->pid = 0
2: jiffies = 25
(gdb) c
Continuing.

Breakpoint 2, do_timer (cpl=3) at sched.c:307
307	{
1: current->pid = 0
2: jiffies = 26
(gdb) c
Continuing.

Breakpoint 2, do_timer (cpl=3) at sched.c:307
307	{
1: current->pid = 0
2: jiffies = 27
(gdb) c
Continuing.

Breakpoint 2, do_timer (cpl=3) at sched.c:307
307	{
1: current->pid = 0
2: jiffies = 28
(gdb) c
Continuing.

Breakpoint 2, do_timer (cpl=3) at sched.c:307
307	{
1: current->pid = 0
2: jiffies = 29
(gdb) c
Continuing.

Breakpoint 2, do_timer (cpl=3) at sched.c:307
307	{
1: current->pid = 0
2: jiffies = 30
(gdb) 
Continuing.

Breakpoint 2, do_timer (cpl=3) at sched.c:307
307	{
1: current->pid = 0
2: jiffies = 31
(gdb) c
Continuing.

Breakpoint 2, do_timer (cpl=3) at sched.c:307
307	{
1: current->pid = 0
2: jiffies = 32
(gdb) c
Continuing.

Breakpoint 2, do_timer (cpl=3) at sched.c:307
307	{
1: current->pid = 0
2: jiffies = 33
(gdb) c
Continuing.

Breakpoint 2, do_timer (cpl=3) at sched.c:307
307	{
1: current->pid = 0
2: jiffies = 34
(gdb) c
Continuing.

Breakpoint 2, do_timer (cpl=3) at sched.c:307
307	{
1: current->pid = 0
2: jiffies = 35
(gdb) c
Continuing.

Breakpoint 2, do_timer (cpl=3) at sched.c:307
307	{
1: current->pid = 0
2: jiffies = 36
(gdb) 