========================================================================
                       Bochs x86 Emulator 2.6.9
               Built from SVN snapshot on April 9, 2017
                  Compiled on Aug 21 2020 at 09:28:41
========================================================================
Next at t=0
(0) [0x0000fffffff0] f000:fff0 (unk. ctxt): jmpf 0xf000:e05b          ; ea5be000f0
<bochs:1> <bochs:2> (0) Breakpoint 1, 0x000068e8 in ?? ()
Next at t=116110411
(0) [0x0000000068e8] 0008:000068e8 (unk. ctxt): mov eax, esp              ; 89e0
<bochs:3> es:0x0010, dh=0x00c09300, dl=0x00000fff, valid=7
	Data segment, base=0x00000000, limit=0x00ffffff, Read/Write, Accessed
cs:0x0008, dh=0x00c09b00, dl=0x000007ff, valid=1
	Code segment, base=0x00000000, limit=0x007fffff, Execute/Read, Non-Conforming, Accessed, 32-bit
ss:0x0010, dh=0x00c09300, dl=0x00000fff, valid=7
	Data segment, base=0x00000000, limit=0x00ffffff, Read/Write, Accessed
ds:0x0010, dh=0x00c09300, dl=0x00000fff, valid=7
	Data segment, base=0x00000000, limit=0x00ffffff, Read/Write, Accessed
fs:0x0010, dh=0x00c09300, dl=0x00000fff, valid=1
	Data segment, base=0x00000000, limit=0x00ffffff, Read/Write, Accessed
gs:0x0010, dh=0x00c09300, dl=0x00000fff, valid=1
	Data segment, base=0x00000000, limit=0x00ffffff, Read/Write, Accessed
ldtr:0x0028, dh=0x00008201, dl=0xecf00068, valid=1
tr:0x0020, dh=0x00008b01, dl=0xed080068, valid=1
gdtr:base=0x00005cc0, limit=0x7ff
idtr:base=0x000054c0, limit=0x7ff
<bochs:4> 