========================================================================
                       Bochs x86 Emulator 2.6.9
               Built from SVN snapshot on April 9, 2017
                  Compiled on Aug 21 2020 at 09:28:41
========================================================================
Next at t=0
(0) [0x0000fffffff0] f000:fff0 (unk. ctxt): jmpf 0xf000:e05b          ; ea5be000f0
<bochs:1> <bochs:2> (0) Breakpoint 1, 0x00006d93 in ?? ()
Next at t=116313981
(0) [0x000000006d93] 0008:00006d93 (unk. ctxt): sub esp, 0x00000020       ; 83ec20
<bochs:3> (0) Breakpoint 1, 0x00006d93 in ?? ()
Next at t=116514156
(0) [0x000000006d93] 0008:00006d93 (unk. ctxt): sub esp, 0x00000020       ; 83ec20
<bochs:4> <bochs:5> <bochs:6> (0) Breakpoint 2, 0x00007963 in ?? ()
Next at t=116516306
(0) [0x000000007963] 000f:00007963 (unk. ctxt): mov al, 0x30              ; b030
<bochs:7> es:0x0017, dh=0x00c0f300, dl=0x0000009f, valid=1
	Data segment, base=0x00000000, limit=0x0009ffff, Read/Write, Accessed
cs:0x000f, dh=0x00c0fb00, dl=0x0000009f, valid=1
	Code segment, base=0x00000000, limit=0x0009ffff, Execute/Read, Non-Conforming, Accessed, 32-bit
ss:0x0017, dh=0x00c0f300, dl=0x0000009f, valid=7
	Data segment, base=0x00000000, limit=0x0009ffff, Read/Write, Accessed
ds:0x0017, dh=0x00c0f300, dl=0x0000009f, valid=1
	Data segment, base=0x00000000, limit=0x0009ffff, Read/Write, Accessed
fs:0x0017, dh=0x00c0f300, dl=0x0000009f, valid=1
	Data segment, base=0x00000000, limit=0x0009ffff, Read/Write, Accessed
gs:0x0017, dh=0x00c0f300, dl=0x0000009f, valid=1
	Data segment, base=0x00000000, limit=0x0009ffff, Read/Write, Accessed
ldtr:0x0028, dh=0x00008201, dl=0xecf00068, valid=1
tr:0x0020, dh=0x00008b01, dl=0xed080068, valid=1
gdtr:base=0x00005cc0, limit=0x7ff
idtr:base=0x000054c0, limit=0x7ff
<bochs:8> eax: 0x00000000 0
ecx: 0x00000000 0
edx: 0x00000021 33
ebx: 0x00000003 3
esp: 0x0002573c 153404
ebp: 0x00025768 153448
esi: 0x000e0000 917504
edi: 0x00000ffc 4092
eip: 0x00007963
eflags 0x00000246: id vip vif ac vm rf nt IOPL=0 of df IF tf sf ZF af PF cf
<bochs:9> [bochs]:
0x00000000 <bogus+       0>:	0x00001027
<bochs:10> [bochs]:
0x00001000 <bogus+       0>:	0x00000067	0x00001027	0x00002007	0x00003007
0x00001010 <bogus+      16>:	0x00004007	0x00005067	0x00006067	0x00007067
0x00001020 <bogus+      32>:	0x00008027	0x00009007	0x0000a027	0x0000b027
0x00001030 <bogus+      48>:	0x0000c007	0x0000d027	0x0000e007	0x0000f007
0x00001040 <bogus+      64>:	0x00010007	0x00011007	0x00012027	0x00013027
0x00001050 <bogus+      80>:	0x00014027	0x00015027	0x00016027	0x00017027
0x00001060 <bogus+      96>:	0x00018007	0x00019027	0x0001a007	0x0001b007
0x00001070 <bogus+     112>:	0x0001c007	0x0001d007	0x0001e067	0x0001f067
0x00001080 <bogus+     128>:	0x00020027	0x00021027	0x00022067	0x00023067
0x00001090 <bogus+     144>:	0x00024067	0x00025067
<bochs:11> <bochs:12> <bochs:13> (0) Breakpoint 3, 0x00006f46 in ?? ()
Next at t=116713092
(0) [0x000000006f46] 0008:00006f46 (unk. ctxt): mov eax, dword ptr ds:0x0001fa20 ; a120fa0100
<bochs:14> [bochs]:
0x0001fa20 <bogus+       0>:	0x0001ea20
<bochs:15> eax: 0x0000001d 29
ecx: 0x00000000 0
edx: 0x00000017 23
ebx: 0x00000003 3
esp: 0x0001f9f0 129520
ebp: 0x00025768 153448
esi: 0x000e0000 917504
edi: 0x00000ffc 4092
eip: 0x00006f46
eflags 0x00000283: id vip vif ac vm rf nt IOPL=0 of df IF tf SF zf af pf CF
<bochs:16> es:0x0010, dh=0x00c09300, dl=0x00000fff, valid=1
	Data segment, base=0x00000000, limit=0x00ffffff, Read/Write, Accessed
cs:0x0008, dh=0x00c09b00, dl=0x00000fff, valid=1
	Code segment, base=0x00000000, limit=0x00ffffff, Execute/Read, Non-Conforming, Accessed, 32-bit
ss:0x0010, dh=0x00c09300, dl=0x00000fff, valid=1
	Data segment, base=0x00000000, limit=0x00ffffff, Read/Write, Accessed
ds:0x0010, dh=0x00c09300, dl=0x00000fff, valid=3
	Data segment, base=0x00000000, limit=0x00ffffff, Read/Write, Accessed
fs:0x0017, dh=0x00c0f300, dl=0x0000009f, valid=1
	Data segment, base=0x00000000, limit=0x0009ffff, Read/Write, Accessed
gs:0x0017, dh=0x00c0f300, dl=0x0000009f, valid=1
	Data segment, base=0x00000000, limit=0x0009ffff, Read/Write, Accessed
ldtr:0x0028, dh=0x00008201, dl=0xecf00068, valid=1
tr:0x0020, dh=0x00008b01, dl=0xed080068, valid=1
gdtr:base=0x00005cc0, limit=0x7ff
idtr:base=0x000054c0, limit=0x7ff
<bochs:17> [bochs]:
0x00000000 <bogus+       0>:	0x00001027
<bochs:18> <bochs:19> <bochs:20> (0) Breakpoint 4, 0x04007985 in ?? ()
Next at t=131579596
(0) [0x000000007985] 000f:00007985 (unk. ctxt): mov al, 0x31              ; b031
<bochs:21> eax: 0x00000000 0
ecx: 0x00000000 0
edx: 0x00000001 1
ebx: 0x00000001 1
esp: 0x0002573c 153404
ebp: 0x00025768 153448
esi: 0x000e0000 917504
edi: 0x00000ffc 4092
eip: 0x00007985
eflags 0x00000246: id vip vif ac vm rf nt IOPL=0 of df IF tf sf ZF af PF cf
<bochs:22> es:0x0017, dh=0x04c0f300, dl=0x0000009f, valid=1
	Data segment, base=0x04000000, limit=0x0009ffff, Read/Write, Accessed
cs:0x000f, dh=0x04c0fb00, dl=0x0000009f, valid=1
	Code segment, base=0x04000000, limit=0x0009ffff, Execute/Read, Non-Conforming, Accessed, 32-bit
ss:0x0017, dh=0x04c0f300, dl=0x0000009f, valid=7
	Data segment, base=0x04000000, limit=0x0009ffff, Read/Write, Accessed
ds:0x0017, dh=0x04c0f300, dl=0x0000009f, valid=1
	Data segment, base=0x04000000, limit=0x0009ffff, Read/Write, Accessed
fs:0x0017, dh=0x04c0f300, dl=0x0000009f, valid=1
	Data segment, base=0x04000000, limit=0x0009ffff, Read/Write, Accessed
gs:0x0017, dh=0x04c0f300, dl=0x0000009f, valid=1
	Data segment, base=0x04000000, limit=0x0009ffff, Read/Write, Accessed
ldtr:0x0038, dh=0x000082ff, dl=0xf2d00068, valid=1
tr:0x0030, dh=0x00008bff, dl=0xf2e80068, valid=1
gdtr:base=0x00005cc0, limit=0x7ff
idtr:base=0x000054c0, limit=0x7ff
<bochs:23> [bochs]:
0x00000000 <bogus+       0>:	0x00001027	0x00002007	0x00003007	0x00004027
0x00000010 <bogus+      16>:	0x00000000	0x00000000	0x00000000	0x00000000
0x00000020 <bogus+      32>:	0x00000000	0x00000000	0x00000000	0x00000000
0x00000030 <bogus+      48>:	0x00000000
<bochs:24> [bochs]:
0x00000000 <bogus+       0>:	0x00001027	0x00002007	0x00003007	0x00004027
0x00000010 <bogus+      16>:	0x00000000	0x00000000	0x00000000	0x00000000
0x00000020 <bogus+      32>:	0x00000000	0x00000000	0x00000000	0x00000000
0x00000030 <bogus+      48>:	0x00000000	0x00000000	0x00000000	0x00000000
0x00000040 <bogus+      64>:	0x00ffe027
<bochs:25> [bochs]:
0x00ffe000 <bogus+       0>:	0x00000065	0x00001025	0x00002005	0x00003005
0x00ffe010 <bogus+      16>:	0x00004005	0x00005065	0x00006065	0x00007025
0x00ffe020 <bogus+      32>:	0x00008025	0x00009005	0x0000a025	0x0000b025
0x00ffe030 <bogus+      48>:	0x0000c005	0x0000d025	0x0000e005	0x0000f005
0x00ffe040 <bogus+      64>:	0x00010005	0x00011005	0x00012025	0x00013025
0x00ffe050 <bogus+      80>:	0x00014025	0x00015025	0x00016025	0x00017025
0x00ffe060 <bogus+      96>:	0x00018005	0x00019025	0x0001a005	0x0001b005
0x00ffe070 <bogus+     112>:	0x0001c005	0x0001d005	0x0001e065	0x0001f065
0x00ffe080 <bogus+     128>:	0x00020025	0x00021025	0x00022065	0x00023065
0x00ffe090 <bogus+     144>:	0x00024065	0x00ffd067
<bochs:26> <bochs:27> <bochs:28> (0) Breakpoint 5, 0x00006f46 in ?? ()
Next at t=131776459
(0) [0x000000006f46] 0008:00006f46 (unk. ctxt): mov eax, dword ptr ds:0x0001fa20 ; a120fa0100
<bochs:29> [bochs]:
0x0001fa20 <bogus+       0>:	0x00fff000
<bochs:30> eax: 0x0000001d 29
ecx: 0x00000000 0
edx: 0x00000017 23
ebx: 0x00000001 1
esp: 0x00ffffd0 16777168
ebp: 0x00025768 153448
esi: 0x000e0000 917504
edi: 0x00000ffc 4092
eip: 0x00006f46
eflags 0x00000283: id vip vif ac vm rf nt IOPL=0 of df IF tf SF zf af pf CF
<bochs:31> es:0x0010, dh=0x00c09300, dl=0x00000fff, valid=1
	Data segment, base=0x00000000, limit=0x00ffffff, Read/Write, Accessed
cs:0x0008, dh=0x00c09b00, dl=0x00000fff, valid=1
	Code segment, base=0x00000000, limit=0x00ffffff, Execute/Read, Non-Conforming, Accessed, 32-bit
ss:0x0010, dh=0x00c09300, dl=0x00000fff, valid=1
	Data segment, base=0x00000000, limit=0x00ffffff, Read/Write, Accessed
ds:0x0010, dh=0x00c09300, dl=0x00000fff, valid=3
	Data segment, base=0x00000000, limit=0x00ffffff, Read/Write, Accessed
fs:0x0017, dh=0x04c0f300, dl=0x0000009f, valid=1
	Data segment, base=0x04000000, limit=0x0009ffff, Read/Write, Accessed
gs:0x0017, dh=0x04c0f300, dl=0x0000009f, valid=1
	Data segment, base=0x04000000, limit=0x0009ffff, Read/Write, Accessed
ldtr:0x0038, dh=0x000082ff, dl=0xf2d00068, valid=1
tr:0x0030, dh=0x00008bff, dl=0xf2e80068, valid=1
gdtr:base=0x00005cc0, limit=0x7ff
idtr:base=0x000054c0, limit=0x7ff
<bochs:32> [bochs]:
0x00000000 <bogus+       0>:	0x00001027	0x00002007	0x00003007	0x00004027
<bochs:33> [bochs]:
0x00004000 <bogus+       0>:	0x00c00007	0x00c01007	0x00c02007	0x00c03007
0x00004010 <bogus+      16>:	0x00c04007	0x00c05007	0x00c06007	0x00c07007
0x00004020 <bogus+      32>:	0x00c08007	0x00c09007	0x00c0a007	0x00c0b007
0x00004030 <bogus+      48>:	0x00c0c007	0x00c0d007	0x00c0e007	0x00c0f007
0x00004040 <bogus+      64>:	0x00c10007	0x00c11007	0x00c12007	0x00c13007
0x00004050 <bogus+      80>:	0x00c14007	0x00c15007	0x00c16007	0x00c17007
0x00004060 <bogus+      96>:	0x00c18007	0x00c19007	0x00c1a007	0x00c1b007
0x00004070 <bogus+     112>:	0x00c1c007	0x00c1d007	0x00c1e007	0x00c1f007
0x00004080 <bogus+     128>:	0x00c20007	0x00c21007	0x00c22007	0x00c23007
0x00004090 <bogus+     144>:	0x00c24007	0x00c25007	0x00c26007	0x00c27007
0x000040a0 <bogus+     160>:	0x00c28007	0x00c29007	0x00c2a007	0x00c2b007
0x000040b0 <bogus+     176>:	0x00c2c007	0x00c2d007	0x00c2e007	0x00c2f007
0x000040c0 <bogus+     192>:	0x00c30007	0x00c31007	0x00c32007	0x00c33007
0x000040d0 <bogus+     208>:	0x00c34007	0x00c35007	0x00c36007	0x00c37007
0x000040e0 <bogus+     224>:	0x00c38007	0x00c39007	0x00c3a007	0x00c3b007
0x000040f0 <bogus+     240>:	0x00c3c007	0x00c3d007	0x00c3e007	0x00c3f007
0x00004100 <bogus+     256>:	0x00c40007	0x00c41007	0x00c42007	0x00c43007
0x00004110 <bogus+     272>:	0x00c44007	0x00c45007	0x00c46007	0x00c47007
0x00004120 <bogus+     288>:	0x00c48007	0x00c49007	0x00c4a007	0x00c4b007
0x00004130 <bogus+     304>:	0x00c4c007	0x00c4d007	0x00c4e007	0x00c4f007
0x00004140 <bogus+     320>:	0x00c50007	0x00c51007	0x00c52007	0x00c53007
0x00004150 <bogus+     336>:	0x00c54007	0x00c55007	0x00c56007	0x00c57007
0x00004160 <bogus+     352>:	0x00c58007	0x00c59007	0x00c5a007	0x00c5b007
0x00004170 <bogus+     368>:	0x00c5c007	0x00c5d007	0x00c5e007	0x00c5f007
0x00004180 <bogus+     384>:	0x00c60007	0x00c61007	0x00c62007	0x00c63007
0x00004190 <bogus+     400>:	0x00c64007	0x00c65007	0x00c66007	0x00c67007
0x000041a0 <bogus+     416>:	0x00c68007	0x00c69007	0x00c6a007	0x00c6b007
0x000041b0 <bogus+     432>:	0x00c6c007	0x00c6d007	0x00c6e007	0x00c6f007
0x000041c0 <bogus+     448>:	0x00c70007	0x00c71007	0x00c72007	0x00c73007
0x000041d0 <bogus+     464>:	0x00c74007	0x00c75007	0x00c76007	0x00c77007
0x000041e0 <bogus+     480>:	0x00c78007	0x00c79007	0x00c7a007	0x00c7b007
0x000041f0 <bogus+     496>:	0x00c7c007	0x00c7d007	0x00c7e007	0x00c7f007
0x00004200 <bogus+     512>:	0x00c80007	0x00c81007	0x00c82007	0x00c83007
0x00004210 <bogus+     528>:	0x00c84007	0x00c85007	0x00c86007	0x00c87007
0x00004220 <bogus+     544>:	0x00c88007	0x00c89007	0x00c8a007	0x00c8b007
0x00004230 <bogus+     560>:	0x00c8c007	0x00c8d007	0x00c8e007	0x00c8f007
0x00004240 <bogus+     576>:	0x00c90007	0x00c91007	0x00c92007	0x00c93007
0x00004250 <bogus+     592>:	0x00c94007	0x00c95007	0x00c96007	0x00c97007
0x00004260 <bogus+     608>:	0x00c98007	0x00c99007	0x00c9a007	0x00c9b007
0x00004270 <bogus+     624>:	0x00c9c007	0x00c9d007	0x00c9e007	0x00c9f007
0x00004280 <bogus+     640>:	0x00ca0007	0x00ca1007	0x00ca2007	0x00ca3007
0x00004290 <bogus+     656>:	0x00ca4007	0x00ca5007	0x00ca6007	0x00ca7007
0x000042a0 <bogus+     672>:	0x00ca8007	0x00ca9007	0x00caa007	0x00cab007
0x000042b0 <bogus+     688>:	0x00cac007	0x00cad007	0x00cae007	0x00caf007
0x000042c0 <bogus+     704>:	0x00cb0007	0x00cb1007	0x00cb2007	0x00cb3007
0x000042d0 <bogus+     720>:	0x00cb4007	0x00cb5007	0x00cb6007	0x00cb7007
0x000042e0 <bogus+     736>:	0x00cb8007	0x00cb9007	0x00cba007	0x00cbb007
0x000042f0 <bogus+     752>:	0x00cbc007	0x00cbd007	0x00cbe007	0x00cbf007
0x00004300 <bogus+     768>:	0x00cc0007	0x00cc1007	0x00cc2007	0x00cc3007
0x00004310 <bogus+     784>:	0x00cc4007	0x00cc5007	0x00cc6007	0x00cc7007
0x00004320 <bogus+     800>:	0x00cc8007	0x00cc9007	0x00cca007	0x00ccb007
0x00004330 <bogus+     816>:	0x00ccc007	0x00ccd007	0x00cce007	0x00ccf007
0x00004340 <bogus+     832>:	0x00cd0007	0x00cd1007	0x00cd2007	0x00cd3007
0x00004350 <bogus+     848>:	0x00cd4007	0x00cd5007	0x00cd6007	0x00cd7007
0x00004360 <bogus+     864>:	0x00cd8007	0x00cd9007	0x00cda007	0x00cdb007
0x00004370 <bogus+     880>:	0x00cdc007	0x00cdd007	0x00cde007	0x00cdf007
0x00004380 <bogus+     896>:	0x00ce0007	0x00ce1007	0x00ce2007	0x00ce3007
0x00004390 <bogus+     912>:	0x00ce4007	0x00ce5007	0x00ce6007	0x00ce7007
0x000043a0 <bogus+     928>:	0x00ce8007	0x00ce9007	0x00cea007	0x00ceb007
0x000043b0 <bogus+     944>:	0x00cec007	0x00ced007	0x00cee007	0x00cef007
0x000043c0 <bogus+     960>:	0x00cf0007	0x00cf1007	0x00cf2007	0x00cf3007
0x000043d0 <bogus+     976>:	0x00cf4007	0x00cf5007	0x00cf6007	0x00cf7007
0x000043e0 <bogus+     992>:	0x00cf8007	0x00cf9007	0x00cfa007	0x00cfb007
0x000043f0 <bogus+    1008>:	0x00cfc007	0x00cfd007	0x00cfe007	0x00cff007
0x00004400 <bogus+    1024>:	0x00d00007	0x00d01007	0x00d02007	0x00d03007
0x00004410 <bogus+    1040>:	0x00d04007	0x00d05007	0x00d06007	0x00d07007
0x00004420 <bogus+    1056>:	0x00d08007	0x00d09007	0x00d0a007	0x00d0b007
0x00004430 <bogus+    1072>:	0x00d0c007	0x00d0d007	0x00d0e007	0x00d0f007
0x00004440 <bogus+    1088>:	0x00d10007	0x00d11007	0x00d12007	0x00d13007
0x00004450 <bogus+    1104>:	0x00d14007	0x00d15007	0x00d16007	0x00d17007
0x00004460 <bogus+    1120>:	0x00d18007	0x00d19007	0x00d1a007	0x00d1b007
0x00004470 <bogus+    1136>:	0x00d1c007	0x00d1d007	0x00d1e007	0x00d1f007
0x00004480 <bogus+    1152>:	0x00d20007	0x00d21007	0x00d22007	0x00d23007
0x00004490 <bogus+    1168>:	0x00d24007	0x00d25007	0x00d26007	0x00d27007
0x000044a0 <bogus+    1184>:	0x00d28007	0x00d29007	0x00d2a007	0x00d2b007
0x000044b0 <bogus+    1200>:	0x00d2c007	0x00d2d007	0x00d2e007	0x00d2f007
0x000044c0 <bogus+    1216>:	0x00d30007	0x00d31007	0x00d32007	0x00d33007
0x000044d0 <bogus+    1232>:	0x00d34007	0x00d35007	0x00d36007	0x00d37007
0x000044e0 <bogus+    1248>:	0x00d38007	0x00d39007	0x00d3a007	0x00d3b007
0x000044f0 <bogus+    1264>:	0x00d3c007	0x00d3d007	0x00d3e007	0x00d3f007
0x00004500 <bogus+    1280>:	0x00d40007	0x00d41007	0x00d42007	0x00d43007
0x00004510 <bogus+    1296>:	0x00d44007	0x00d45007	0x00d46007	0x00d47007
0x00004520 <bogus+    1312>:	0x00d48007	0x00d49007	0x00d4a007	0x00d4b007
0x00004530 <bogus+    1328>:	0x00d4c007	0x00d4d007	0x00d4e007	0x00d4f007
0x00004540 <bogus+    1344>:	0x00d50007	0x00d51007	0x00d52007	0x00d53007
0x00004550 <bogus+    1360>:	0x00d54007	0x00d55007	0x00d56007	0x00d57007
0x00004560 <bogus+    1376>:	0x00d58007	0x00d59007	0x00d5a007	0x00d5b007
0x00004570 <bogus+    1392>:	0x00d5c007	0x00d5d007	0x00d5e007	0x00d5f007
0x00004580 <bogus+    1408>:	0x00d60007	0x00d61007	0x00d62007	0x00d63007
0x00004590 <bogus+    1424>:	0x00d64007	0x00d65007	0x00d66007	0x00d67007
0x000045a0 <bogus+    1440>:	0x00d68007	0x00d69007	0x00d6a007	0x00d6b007
0x000045b0 <bogus+    1456>:	0x00d6c007	0x00d6d007	0x00d6e007	0x00d6f007
0x000045c0 <bogus+    1472>:	0x00d70007	0x00d71007	0x00d72007	0x00d73007
0x000045d0 <bogus+    1488>:	0x00d74007	0x00d75007	0x00d76007	0x00d77007
0x000045e0 <bogus+    1504>:	0x00d78007	0x00d79007	0x00d7a007	0x00d7b007
0x000045f0 <bogus+    1520>:	0x00d7c007	0x00d7d007	0x00d7e007	0x00d7f007
0x00004600 <bogus+    1536>:	0x00d80007	0x00d81007	0x00d82007	0x00d83007
0x00004610 <bogus+    1552>:	0x00d84007	0x00d85007	0x00d86007	0x00d87007
0x00004620 <bogus+    1568>:	0x00d88007	0x00d89007	0x00d8a007	0x00d8b007
0x00004630 <bogus+    1584>:	0x00d8c007	0x00d8d007	0x00d8e007	0x00d8f007
0x00004640 <bogus+    1600>:	0x00d90007	0x00d91007	0x00d92007	0x00d93007
0x00004650 <bogus+    1616>:	0x00d94007	0x00d95007	0x00d96007	0x00d97007
0x00004660 <bogus+    1632>:	0x00d98007	0x00d99007	0x00d9a007	0x00d9b007
0x00004670 <bogus+    1648>:	0x00d9c007	0x00d9d007	0x00d9e007	0x00d9f007
0x00004680 <bogus+    1664>:	0x00da0007	0x00da1007	0x00da2007	0x00da3007
0x00004690 <bogus+    1680>:	0x00da4007	0x00da5007	0x00da6007	0x00da7007
0x000046a0 <bogus+    1696>:	0x00da8007	0x00da9007	0x00daa007	0x00dab007
0x000046b0 <bogus+    1712>:	0x00dac007	0x00dad007	0x00dae007	0x00daf007
0x000046c0 <bogus+    1728>:	0x00db0007	0x00db1007	0x00db2007	0x00db3007
0x000046d0 <bogus+    1744>:	0x00db4007	0x00db5007	0x00db6007	0x00db7007
0x000046e0 <bogus+    1760>:	0x00db8007	0x00db9007	0x00dba007	0x00dbb007
0x000046f0 <bogus+    1776>:	0x00dbc007	0x00dbd007	0x00dbe007	0x00dbf007
0x00004700 <bogus+    1792>:	0x00dc0007	0x00dc1007	0x00dc2007	0x00dc3007
0x00004710 <bogus+    1808>:	0x00dc4007	0x00dc5007	0x00dc6007	0x00dc7007
0x00004720 <bogus+    1824>:	0x00dc8007	0x00dc9007	0x00dca007	0x00dcb007
0x00004730 <bogus+    1840>:	0x00dcc007	0x00dcd007	0x00dce007	0x00dcf007
0x00004740 <bogus+    1856>:	0x00dd0007	0x00dd1007	0x00dd2007	0x00dd3007
0x00004750 <bogus+    1872>:	0x00dd4007	0x00dd5007	0x00dd6007	0x00dd7007
0x00004760 <bogus+    1888>:	0x00dd8007	0x00dd9007	0x00dda007	0x00ddb007
0x00004770 <bogus+    1904>:	0x00ddc007	0x00ddd007	0x00dde007	0x00ddf007
0x00004780 <bogus+    1920>:	0x00de0007	0x00de1007	0x00de2007	0x00de3007
0x00004790 <bogus+    1936>:	0x00de4007	0x00de5007	0x00de6007	0x00de7007
0x000047a0 <bogus+    1952>:	0x00de8007	0x00de9007	0x00dea007	0x00deb007
0x000047b0 <bogus+    1968>:	0x00dec007	0x00ded007	0x00dee007	0x00def007
0x000047c0 <bogus+    1984>:	0x00df0007	0x00df1007	0x00df2007	0x00df3007
0x000047d0 <bogus+    2000>:	0x00df4007	0x00df5007	0x00df6007	0x00df7007
0x000047e0 <bogus+    2016>:	0x00df8007	0x00df9007	0x00dfa007	0x00dfb007
0x000047f0 <bogus+    2032>:	0x00dfc007	0x00dfd007	0x00dfe007	0x00dff007
0x00004800 <bogus+    2048>:	0x00e00007	0x00e01007	0x00e02007	0x00e03007
0x00004810 <bogus+    2064>:	0x00e04007	0x00e05007	0x00e06007	0x00e07007
0x00004820 <bogus+    2080>:	0x00e08007	0x00e09007	0x00e0a007	0x00e0b007
0x00004830 <bogus+    2096>:	0x00e0c007	0x00e0d007	0x00e0e007	0x00e0f007
0x00004840 <bogus+    2112>:	0x00e10007	0x00e11007	0x00e12007	0x00e13007
0x00004850 <bogus+    2128>:	0x00e14007	0x00e15007	0x00e16007	0x00e17007
0x00004860 <bogus+    2144>:	0x00e18007	0x00e19007	0x00e1a007	0x00e1b007
0x00004870 <bogus+    2160>:	0x00e1c007	0x00e1d007	0x00e1e007	0x00e1f007
0x00004880 <bogus+    2176>:	0x00e20007	0x00e21007	0x00e22007	0x00e23007
0x00004890 <bogus+    2192>:	0x00e24007	0x00e25007	0x00e26007	0x00e27007
0x000048a0 <bogus+    2208>:	0x00e28007	0x00e29007	0x00e2a007	0x00e2b007
0x000048b0 <bogus+    2224>:	0x00e2c007	0x00e2d007	0x00e2e007	0x00e2f007
0x000048c0 <bogus+    2240>:	0x00e30007	0x00e31007	0x00e32007	0x00e33007
0x000048d0 <bogus+    2256>:	0x00e34007	0x00e35007	0x00e36007	0x00e37007
0x000048e0 <bogus+    2272>:	0x00e38007	0x00e39007	0x00e3a007	0x00e3b007
0x000048f0 <bogus+    2288>:	0x00e3c007	0x00e3d007	0x00e3e007	0x00e3f007
0x00004900 <bogus+    2304>:	0x00e40007	0x00e41007	0x00e42007	0x00e43007
0x00004910 <bogus+    2320>:	0x00e44007	0x00e45007	0x00e46007	0x00e47007
0x00004920 <bogus+    2336>:	0x00e48007	0x00e49007	0x00e4a007	0x00e4b007
0x00004930 <bogus+    2352>:	0x00e4c007	0x00e4d007	0x00e4e007	0x00e4f007
0x00004940 <bogus+    2368>:	0x00e50007	0x00e51007	0x00e52007	0x00e53007
0x00004950 <bogus+    2384>:	0x00e54007	0x00e55007	0x00e56007	0x00e57007
0x00004960 <bogus+    2400>:	0x00e58007	0x00e59007	0x00e5a007	0x00e5b007
0x00004970 <bogus+    2416>:	0x00e5c007	0x00e5d007	0x00e5e007	0x00e5f007
0x00004980 <bogus+    2432>:	0x00e60007	0x00e61007	0x00e62007	0x00e63007
0x00004990 <bogus+    2448>:	0x00e64007	0x00e65007	0x00e66007	0x00e67007
0x000049a0 <bogus+    2464>:	0x00e68007	0x00e69007	0x00e6a007	0x00e6b007
0x000049b0 <bogus+    2480>:	0x00e6c007	0x00e6d007	0x00e6e007	0x00e6f007
0x000049c0 <bogus+    2496>:	0x00e70007	0x00e71007	0x00e72007	0x00e73007
0x000049d0 <bogus+    2512>:	0x00e74007	0x00e75007	0x00e76007	0x00e77007
0x000049e0 <bogus+    2528>:	0x00e78007	0x00e79007	0x00e7a007	0x00e7b007
0x000049f0 <bogus+    2544>:	0x00e7c007	0x00e7d007	0x00e7e007	0x00e7f007
0x00004a00 <bogus+    2560>:	0x00e80007	0x00e81007	0x00e82007	0x00e83007
0x00004a10 <bogus+    2576>:	0x00e84007	0x00e85007	0x00e86007	0x00e87007
0x00004a20 <bogus+    2592>:	0x00e88007	0x00e89007	0x00e8a007	0x00e8b007
0x00004a30 <bogus+    2608>:	0x00e8c007	0x00e8d007	0x00e8e007	0x00e8f007
0x00004a40 <bogus+    2624>:	0x00e90007	0x00e91007	0x00e92007	0x00e93007
0x00004a50 <bogus+    2640>:	0x00e94007	0x00e95007	0x00e96007	0x00e97007
0x00004a60 <bogus+    2656>:	0x00e98007	0x00e99007	0x00e9a007	0x00e9b007
0x00004a70 <bogus+    2672>:	0x00e9c007	0x00e9d007	0x00e9e007	0x00e9f007
0x00004a80 <bogus+    2688>:	0x00ea0007	0x00ea1007	0x00ea2007	0x00ea3007
0x00004a90 <bogus+    2704>:	0x00ea4007	0x00ea5007	0x00ea6007	0x00ea7007
0x00004aa0 <bogus+    2720>:	0x00ea8007	0x00ea9007	0x00eaa007	0x00eab007
0x00004ab0 <bogus+    2736>:	0x00eac007	0x00ead007	0x00eae007	0x00eaf007
0x00004ac0 <bogus+    2752>:	0x00eb0007	0x00eb1007	0x00eb2007	0x00eb3007
0x00004ad0 <bogus+    2768>:	0x00eb4007	0x00eb5007	0x00eb6007	0x00eb7007
0x00004ae0 <bogus+    2784>:	0x00eb8007	0x00eb9007	0x00eba007	0x00ebb007
0x00004af0 <bogus+    2800>:	0x00ebc007	0x00ebd007	0x00ebe007	0x00ebf007
0x00004b00 <bogus+    2816>:	0x00ec0007	0x00ec1007	0x00ec2007	0x00ec3007
0x00004b10 <bogus+    2832>:	0x00ec4007	0x00ec5007	0x00ec6007	0x00ec7007
0x00004b20 <bogus+    2848>:	0x00ec8007	0x00ec9007	0x00eca007	0x00ecb007
0x00004b30 <bogus+    2864>:	0x00ecc007	0x00ecd007	0x00ece007	0x00ecf007
0x00004b40 <bogus+    2880>:	0x00ed0007	0x00ed1007	0x00ed2007	0x00ed3007
0x00004b50 <bogus+    2896>:	0x00ed4007	0x00ed5007	0x00ed6007	0x00ed7007
0x00004b60 <bogus+    2912>:	0x00ed8007	0x00ed9007	0x00eda007	0x00edb007
0x00004b70 <bogus+    2928>:	0x00edc007	0x00edd007	0x00ede007	0x00edf007
0x00004b80 <bogus+    2944>:	0x00ee0007	0x00ee1007	0x00ee2007	0x00ee3007
0x00004b90 <bogus+    2960>:	0x00ee4007	0x00ee5007	0x00ee6007	0x00ee7007
0x00004ba0 <bogus+    2976>:	0x00ee8007	0x00ee9007	0x00eea007	0x00eeb007
0x00004bb0 <bogus+    2992>:	0x00eec007	0x00eed007	0x00eee007	0x00eef007
0x00004bc0 <bogus+    3008>:	0x00ef0007	0x00ef1007	0x00ef2007	0x00ef3007
0x00004bd0 <bogus+    3024>:	0x00ef4007	0x00ef5007	0x00ef6007	0x00ef7007
0x00004be0 <bogus+    3040>:	0x00ef8007	0x00ef9007	0x00efa007	0x00efb007
0x00004bf0 <bogus+    3056>:	0x00efc007	0x00efd007	0x00efe007	0x00eff007
0x00004c00 <bogus+    3072>:	0x00f00007	0x00f01007	0x00f02007	0x00f03007
0x00004c10 <bogus+    3088>:	0x00f04007	0x00f05007	0x00f06007	0x00f07007
0x00004c20 <bogus+    3104>:	0x00f08007	0x00f09007	0x00f0a007	0x00f0b007
0x00004c30 <bogus+    3120>:	0x00f0c007	0x00f0d007	0x00f0e007	0x00f0f007
0x00004c40 <bogus+    3136>:	0x00f10007	0x00f11007	0x00f12007	0x00f13007
0x00004c50 <bogus+    3152>:	0x00f14007	0x00f15007	0x00f16007	0x00f17007
0x00004c60 <bogus+    3168>:	0x00f18007	0x00f19007	0x00f1a007	0x00f1b007
0x00004c70 <bogus+    3184>:	0x00f1c007	0x00f1d007	0x00f1e007	0x00f1f007
0x00004c80 <bogus+    3200>:	0x00f20007	0x00f21007	0x00f22007	0x00f23007
0x00004c90 <bogus+    3216>:	0x00f24007	0x00f25007	0x00f26007	0x00f27007
0x00004ca0 <bogus+    3232>:	0x00f28007	0x00f29007	0x00f2a007	0x00f2b007
0x00004cb0 <bogus+    3248>:	0x00f2c007	0x00f2d007	0x00f2e007	0x00f2f007
0x00004cc0 <bogus+    3264>:	0x00f30007	0x00f31007	0x00f32007	0x00f33007
0x00004cd0 <bogus+    3280>:	0x00f34007	0x00f35007	0x00f36007	0x00f37007
0x00004ce0 <bogus+    3296>:	0x00f38007	0x00f39007	0x00f3a007	0x00f3b007
0x00004cf0 <bogus+    3312>:	0x00f3c007	0x00f3d007	0x00f3e007	0x00f3f007
0x00004d00 <bogus+    3328>:	0x00f40007	0x00f41007	0x00f42007	0x00f43007
0x00004d10 <bogus+    3344>:	0x00f44007	0x00f45007	0x00f46007	0x00f47007
0x00004d20 <bogus+    3360>:	0x00f48007	0x00f49007	0x00f4a007	0x00f4b007
0x00004d30 <bogus+    3376>:	0x00f4c007	0x00f4d007	0x00f4e007	0x00f4f007
0x00004d40 <bogus+    3392>:	0x00f50007	0x00f51007	0x00f52007	0x00f53007
0x00004d50 <bogus+    3408>:	0x00f54007	0x00f55007	0x00f56007	0x00f57007
0x00004d60 <bogus+    3424>:	0x00f58007	0x00f59007	0x00f5a007	0x00f5b007
0x00004d70 <bogus+    3440>:	0x00f5c007	0x00f5d007	0x00f5e007	0x00f5f007
0x00004d80 <bogus+    3456>:	0x00f60007	0x00f61007	0x00f62007	0x00f63007
0x00004d90 <bogus+    3472>:	0x00f64007	0x00f65007	0x00f66007	0x00f67007
0x00004da0 <bogus+    3488>:	0x00f68007	0x00f69007	0x00f6a007	0x00f6b007
0x00004db0 <bogus+    3504>:	0x00f6c007	0x00f6d007	0x00f6e007	0x00f6f007
0x00004dc0 <bogus+    3520>:	0x00f70007	0x00f71007	0x00f72007	0x00f73007
0x00004dd0 <bogus+    3536>:	0x00f74007	0x00f75007	0x00f76007	0x00f77007
0x00004de0 <bogus+    3552>:	0x00f78007	0x00f79007	0x00f7a007	0x00f7b007
0x00004df0 <bogus+    3568>:	0x00f7c007	0x00f7d007	0x00f7e007	0x00f7f007
0x00004e00 <bogus+    3584>:	0x00f80007	0x00f81007	0x00f82007	0x00f83007
0x00004e10 <bogus+    3600>:	0x00f84007	0x00f85007	0x00f86007	0x00f87007
0x00004e20 <bogus+    3616>:	0x00f88007	0x00f89007	0x00f8a007	0x00f8b007
0x00004e30 <bogus+    3632>:	0x00f8c007	0x00f8d007	0x00f8e007	0x00f8f007
0x00004e40 <bogus+    3648>:	0x00f90007	0x00f91007	0x00f92007	0x00f93007
0x00004e50 <bogus+    3664>:	0x00f94007	0x00f95007	0x00f96007	0x00f97007
0x00004e60 <bogus+    3680>:	0x00f98007	0x00f99007	0x00f9a007	0x00f9b007
0x00004e70 <bogus+    3696>:	0x00f9c007	0x00f9d007	0x00f9e007	0x00f9f007
0x00004e80 <bogus+    3712>:	0x00fa0007	0x00fa1007	0x00fa2007	0x00fa3007
0x00004e90 <bogus+    3728>:	0x00fa4007	0x00fa5007	0x00fa6007	0x00fa7007
0x00004ea0 <bogus+    3744>:	0x00fa8007	0x00fa9007	0x00faa007	0x00fab007
0x00004eb0 <bogus+    3760>:	0x00fac007	0x00fad007	0x00fae007	0x00faf007
0x00004ec0 <bogus+    3776>:	0x00fb0007	0x00fb1007	0x00fb2007	0x00fb3007
0x00004ed0 <bogus+    3792>:	0x00fb4007	0x00fb5007	0x00fb6007	0x00fb7007
0x00004ee0 <bogus+    3808>:	0x00fb8007	0x00fb9007	0x00fba007	0x00fbb007
0x00004ef0 <bogus+    3824>:	0x00fbc007	0x00fbd007	0x00fbe007	0x00fbf007
0x00004f00 <bogus+    3840>:	0x00fc0007	0x00fc1007	0x00fc2007	0x00fc3007
0x00004f10 <bogus+    3856>:	0x00fc4007	0x00fc5007	0x00fc6007	0x00fc7007
0x00004f20 <bogus+    3872>:	0x00fc8007	0x00fc9007	0x00fca007	0x00fcb007
0x00004f30 <bogus+    3888>:	0x00fcc007	0x00fcd007	0x00fce007	0x00fcf007
0x00004f40 <bogus+    3904>:	0x00fd0007	0x00fd1007	0x00fd2007	0x00fd3007
0x00004f50 <bogus+    3920>:	0x00fd4007	0x00fd5007	0x00fd6007	0x00fd7007
0x00004f60 <bogus+    3936>:	0x00fd8007	0x00fd9007	0x00fda007	0x00fdb007
0x00004f70 <bogus+    3952>:	0x00fdc007	0x00fdd007	0x00fde007	0x00fdf007
0x00004f80 <bogus+    3968>:	0x00fe0007	0x00fe1007	0x00fe2007	0x00fe3007
0x00004f90 <bogus+    3984>:	0x00fe4007	0x00fe5007	0x00fe6007	0x00fe7007
0x00004fa0 <bogus+    4000>:	0x00fe8007	0x00fe9007	0x00fea007	0x00feb007
0x00004fb0 <bogus+    4016>:	0x00fec007	0x00fed007	0x00fee007	0x00fef007
0x00004fc0 <bogus+    4032>:	0x00ff0007	0x00ff1007	0x00ff2007	0x00ff3007
0x00004fd0 <bogus+    4048>:	0x00ff4007	0x00ff5007	0x00ff6007	0x00ff7007
0x00004fe0 <bogus+    4064>:	0x00ff8007	0x00ff9007	0x00ffa007	0x00ffb007
0x00004ff0 <bogus+    4080>:	0x00ffc007	0x00ffd067	0x00ffe067	0x00fff067
<bochs:34> (0).[131776459] [0x000000006f46] 0008:00006f46 (unk. ctxt): mov eax, dword ptr ds:0x0001fa20 ; a120fa0100
