GNU gdb (Ubuntu 7.11.1-0ubuntu1~16.5) 7.11.1
Copyright (C) 2016 Free Software Foundation, Inc.
License GPLv3+: GNU GPL version 3 or later <http://gnu.org/licenses/gpl.html>
This is free software: you are free to change and redistribute it.
There is NO WARRANTY, to the extent permitted by law.  Type "show copying"
and "show warranty" for details.
This GDB was configured as "x86_64-linux-gnu".
Type "show configuration" for configuration details.
For bug reporting instructions, please see:
<http://www.gnu.org/software/gdb/bugs/>.
Find the GDB manual and other documentation resources online at:
<http://www.gnu.org/software/gdb/documentation/>.
For help, type "help".
Type "apropos word" to search for commands related to "word"...
Reading symbols from tools/system...done.
0x0000fff0 in sys_pipe (
    fildes=0x0 <startup_32>) at pipe.c:93
93			current->filp[fd[0]]=NULL;
Breakpoint 1 at 0x67a7: file init/main.c, line 112.

Program received signal SIGTRAP, Trace/breakpoint trap.
0x0000e05c in mount_root ()
    at super.c:275
275		printk("%d/%d free blocks\n\r",free,p->s_nzones);
1: current->pid = 0
(gdb) [K(gdb) b task1
Breakpoint 2 at 0x7985
(gdb) c
Continuing.

Breakpoint 2, 0x00007985 in task1 ()
1: current->pid = 1
(gdb) [K(gdb) [K(gdb) p task
$1 = {0x1ea20 <init_task>, 0xfff000, 0x0 <startup_32> <repeats 62 times>}
(gdb) p task[0]->pid
$2 = 0
(gdb) p task[1]->pid
$3 = 1
(gdb) 1[Kq
A debugging session is active.

	Inferior 1 [Remote target] will be killed.

Quit anyway? (y or n) 
Please answer y or n.
A debugging session is active.

	Inferior 1 [Remote target] will be killed.

Quit anyway? (y or n) y
